<?xml version="1.0" encoding="UTF-8"?>
<!-- Generated by org.testng.reporters.JUnitXMLReporter -->
<testsuite hostname="DESKTOP-NP5FPIR" ignored="0" name="dataproviderdata" tests="3" failures="0" timestamp="10 Feb 2018 20:05:51 GMT" time="0.019" errors="0">
  <testcase name="test" time="0.002" classname="testNG.DataProviderTest"/>
  <testcase name="test" time="0.003" classname="testNG.DataProviderTest"/>
  <testcase name="test" time="0.002" classname="testNG.DataProviderTest"/>
</testsuite> <!-- dataproviderdata -->
