<?xml version="1.0" encoding="UTF-8"?>
<!-- Generated by org.testng.reporters.JUnitXMLReporter -->
<testsuite hostname="DESKTOP-NP5FPIR" ignored="1" name="EnableAndDisableTest" tests="1" failures="0" timestamp="10 Feb 2018 20:05:51 GMT" time="0.012" errors="0">
  <testcase name="test" time="0.002" classname="testNG.EnableAndDisableTest"/>
  <testcase name="test1" time="0.0" classname="testNG.EnableAndDisableTest">
    <ignored/>
  </testcase> <!-- test1 -->
</testsuite> <!-- EnableAndDisableTest -->
