<?xml version="1.0" encoding="UTF-8"?>
<!-- Generated by org.testng.reporters.JUnitXMLReporter -->
<testsuite hostname="DESKTOP-NP5FPIR" ignored="3" name="GroupTest" tests="1" failures="0" timestamp="10 Feb 2018 20:05:51 GMT" time="0.005" errors="0">
  <testcase name="test2" time="0.001" classname="testNG.GroupTest"/>
  <testcase name="test3" time="0.0" classname="testNG.GroupTest">
    <ignored/>
  </testcase> <!-- test3 -->
  <testcase name="test1" time="0.0" classname="testNG.GroupTest">
    <ignored/>
  </testcase> <!-- test1 -->
  <testcase name="test4" time="0.0" classname="testNG.GroupTest">
    <ignored/>
  </testcase> <!-- test4 -->
</testsuite> <!-- GroupTest -->
