<?xml version="1.0" encoding="UTF-8"?>
<!-- Generated by org.testng.reporters.JUnitXMLReporter -->
<testsuite hostname="DESKTOP-NP5FPIR" ignored="0" name="InternetExplore" tests="1" failures="1" timestamp="09 Feb 2018 07:16:51 GMT" time="5.292" errors="0">
  <testcase name="TestParallel" time="5.268" classname="selenium.ParallelExucations">
    <failure type="org.openqa.selenium.remote.SessionNotFoundException" message="session null does not exist (WARNING: The server did not provide any stacktrace information)
Command duration or timeout: 6 milliseconds
Build info: version: &amp;apos;2.53.1&amp;apos;, revision: &amp;apos;a36b8b1&amp;apos;, time: &amp;apos;2016-06-30 17:37:03&amp;apos;
System info: host: &amp;apos;DESKTOP-NP5FPIR&amp;apos;, ip: &amp;apos;192.168.5.27&amp;apos;, os.name: &amp;apos;Windows 10&amp;apos;, os.arch: &amp;apos;amd64&amp;apos;, os.version: &amp;apos;10.0&amp;apos;, java.version: &amp;apos;1.8.0_161&amp;apos;
Driver info: org.openqa.selenium.ie.InternetExplorerDriver
Capabilities [{capabilities={proxy={}, acceptInsecureCerts=false, browserVersion=11, se:ieOptions={nativeEvents=true, browserAttachTimeout=0, ie.ensureCleanSession=false, elementScrollBehavior=0, enablePersistentHover=true, ie.browserCommandLineSwitches=, ie.forceCreateProcessApi=false, requireWindowFocus=false, initialBrowserUrl=http://localhost:3604/, ignoreZoomSetting=false, ie.fileUploadDialogTimeout=3000, ignoreProtectedModeSettings=false}, timeouts={implicit=0, pageLoad=300000, script=30000}, browserName=internet explorer, pageLoadStrategy=normal, unhandledPromptBehavior=dismiss, platformName=windows, setWindowRect=true}, sessionId=fbbcf80a-d3f8-4990-86ec-31179867bf43, platform=ANY}]
Session ID: null">
      <![CDATA[org.openqa.selenium.remote.SessionNotFoundException: session null does not exist (WARNING: The server did not provide any stacktrace information)Command duration or timeout: 6 millisecondsBuild info: version: '2.53.1', revision: 'a36b8b1', time: '2016-06-30 17:37:03'System info: host: 'DESKTOP-NP5FPIR', ip: '192.168.5.27', os.name: 'Windows 10', os.arch: 'amd64', os.version: '10.0', java.version: '1.8.0_161'Driver info: org.openqa.selenium.ie.InternetExplorerDriverCapabilities [{capabilities={proxy={}, acceptInsecureCerts=false, browserVersion=11, se:ieOptions={nativeEvents=true, browserAttachTimeout=0, ie.ensureCleanSession=false, elementScrollBehavior=0, enablePersistentHover=true, ie.browserCommandLineSwitches=, ie.forceCreateProcessApi=false, requireWindowFocus=false, initialBrowserUrl=http://localhost:3604/, ignoreZoomSetting=false, ie.fileUploadDialogTimeout=3000, ignoreProtectedModeSettings=false}, timeouts={implicit=0, pageLoad=300000, script=30000}, browserName=internet explorer, pageLoadStrategy=normal, unhandledPromptBehavior=dismiss, platformName=windows, setWindowRect=true}, sessionId=fbbcf80a-d3f8-4990-86ec-31179867bf43, platform=ANY}]Session ID: nullat org.openqa.selenium.remote.ErrorHandler.createThrowable(ErrorHandler.java:206)at org.openqa.selenium.remote.ErrorHandler.throwIfResponseFailed(ErrorHandler.java:158)at org.openqa.selenium.remote.RemoteWebDriver.execute(RemoteWebDriver.java:678)at org.openqa.selenium.remote.RemoteWebDriver.get(RemoteWebDriver.java:316)at selenium.ParallelExucations.TestParallel(ParallelExucations.java:34)... Removed 29 stack frames]]>
    </failure>
  </testcase> <!-- TestParallel -->
</testsuite> <!-- InternetExplore -->
