<?xml version="1.0" encoding="UTF-8"?>
<!-- Generated by org.testng.reporters.JUnitXMLReporter -->
<testsuite hostname="DESKTOP-NP5FPIR" ignored="0" name="Test" tests="2" failures="1" timestamp="14 Feb 2018 16:31:38 GMT" time="11.281" errors="0">
  <testcase name="GoogleTitleVerify" time="11.228" classname="testNG.MyFirstTestcase"/>
  <testcase name="Titlematch" time="0.006" classname="testNG.MyFirstTestcase">
    <failure type="java.lang.AssertionError" message="expected [true] but found [false]">
      <![CDATA[java.lang.AssertionError: expected [true] but found [false]at testNG.MyFirstTestcase.Titlematch(MyFirstTestcase.java:25)... Removed 29 stack frames]]>
    </failure>
  </testcase> <!-- Titlematch -->
</testsuite> <!-- Test -->
